# JRE version: OpenJDK Runtime Environment Microsoft-10376486 (17.0.13+11) (build 17.0.13+11-LTS)
# Java VM: OpenJDK 64-Bit Server VM Microsoft-10376486 (17.0.13+11-LTS, mixed mode, sharing, tiered, compressed oops, compressed class ptrs, g1 gc, windows-amd64)
GC Precious Log:
 CPUs: 4 total, 4 available
 Memory: 7098M
 Large Page Support: Disabled
 NUMA Support: Disabled
 Compressed Oops: Enabled (32-bit)
 Heap Region Size: 1M
 Heap Min Capacity: 8M
 Heap Initial Capacity: 112M
 Heap Max Capacity: 1776M
 Pre-touch: Disabled
 Parallel Workers: 4
 Concurrent Workers: 1
 Concurrent Refinement Workers: 4
 Periodic GC: Disabled
Heap:
 garbage-first heap   total 122880K, used 68353K [0x0000000091000000, 0x0000000100000000)
  region size 1024K, 3 young (3072K), 3 survivors (3072K)
 Metaspace       used 38508K, committed 38912K, reserved 1114112K
  class space    used 4419K, committed 4608K, reserved 1048576K
GC Heap History (20 events):
Event: 44.053 GC heap after
{Heap after GC invocations=14 (full 0):
 garbage-first heap   total 104448K, used 50470K [0x0000000091000000, 0x0000000100000000)
  region size 1024K, 5 young (5120K), 5 survivors (5120K)
 Metaspace       used 31768K, committed 32128K, reserved 1114112K
  class space    used 3638K, committed 3776K, reserved 1048576K
}
Event: 50.712 GC heap before
{Heap before GC invocations=14 (full 0):
 garbage-first heap   total 104448K, used 81190K [0x0000000091000000, 0x0000000100000000)
  region size 1024K, 35 young (35840K), 5 survivors (5120K)
 Metaspace       used 36052K, committed 36480K, reserved 1114112K
  class space    used 4190K, committed 4416K, reserved 1048576K
}
Event: 50.766 GC heap after
{Heap after GC invocations=15 (full 0):
 garbage-first heap   total 104448K, used 53071K [0x0000000091000000, 0x0000000100000000)
  region size 1024K, 3 young (3072K), 3 survivors (3072K)
 Metaspace       used 36052K, committed 36480K, reserved 1114112K
  class space    used 4190K, committed 4416K, reserved 1048576K
}
Event: 52.061 GC heap before
{Heap before GC invocations=15 (full 0):
 garbage-first heap   total 104448K, used 82767K [0x0000000091000000, 0x0000000100000000)
  region size 1024K, 32 young (32768K), 3 survivors (3072K)
 Metaspace       used 36170K, committed 36608K, reserved 1114112K
  class space    used 4190K, committed 4416K, reserved 1048576K
}
Event: 52.083 GC heap after
{Heap after GC invocations=16 (full 0):
 garbage-first heap   total 104448K, used 53786K [0x0000000091000000, 0x0000000100000000)
  region size 1024K, 1 young (1024K), 1 survivors (1024K)
 Metaspace       used 36170K, committed 36608K, reserved 1114112K
  class space    used 4190K, committed 4416K, reserved 1048576K
}
Event: 53.269 GC heap before
{Heap before GC invocations=17 (full 0):
 garbage-first heap   total 104448K, used 84506K [0x0000000091000000, 0x0000000100000000)
  region size 1024K, 31 young (31744K), 1 survivors (1024K)
 Metaspace       used 36268K, committed 36672K, reserved 1114112K
  class space    used 4190K, committed 4416K, reserved 1048576K
}
Event: 53.278 GC heap after
{Heap after GC invocations=18 (full 0):
 garbage-first heap   total 104448K, used 53523K [0x0000000091000000, 0x0000000100000000)
  region size 1024K, 1 young (1024K), 1 survivors (1024K)
 Metaspace       used 36268K, committed 36672K, reserved 1114112K
  class space    used 4190K, committed 4416K, reserved 1048576K
}
Event: 53.453 GC heap before
{Heap before GC invocations=18 (full 0):
 garbage-first heap   total 104448K, used 57619K [0x0000000091000000, 0x0000000100000000)
  region size 1024K, 5 young (5120K), 1 survivors (1024K)
 Metaspace       used 36278K, committed 36672K, reserved 1114112K
  class space    used 4190K, committed 4416K, reserved 1048576K
}
Event: 53.457 GC heap after
{Heap after GC invocations=19 (full 0):
 garbage-first heap   total 104448K, used 52253K [0x0000000091000000, 0x0000000100000000)
  region size 1024K, 1 young (1024K), 1 survivors (1024K)
 Metaspace       used 36278K, committed 36672K, reserved 1114112K
  class space    used 4190K, committed 4416K, reserved 1048576K
}
Event: 63.440 GC heap before
{Heap before GC invocations=19 (full 0):
 garbage-first heap   total 104448K, used 85021K [0x0000000091000000, 0x0000000100000000)
  region size 1024K, 33 young (33792K), 1 survivors (1024K)
 Metaspace       used 38172K, committed 38592K, reserved 1114112K
  class space    used 4400K, committed 4608K, reserved 1048576K
}
Event: 63.466 GC heap after
{Heap after GC invocations=20 (full 0):
 garbage-first heap   total 104448K, used 54113K [0x0000000091000000, 0x0000000100000000)
  region size 1024K, 3 young (3072K), 3 survivors (3072K)
 Metaspace       used 38172K, committed 38592K, reserved 1114112K
  class space    used 4400K, committed 4608K, reserved 1048576K
}
Event: 67.899 GC heap before
{Heap before GC invocations=21 (full 0):
 garbage-first heap   total 104448K, used 69473K [0x0000000091000000, 0x0000000100000000)
  region size 1024K, 19 young (19456K), 3 survivors (3072K)
 Metaspace       used 38447K, committed 38912K, reserved 1114112K
  class space    used 4418K, committed 4608K, reserved 1048576K
}
Event: 67.930 GC heap after
{Heap after GC invocations=22 (full 0):
 garbage-first heap   total 104448K, used 55421K [0x0000000091000000, 0x0000000100000000)
  region size 1024K, 4 young (4096K), 4 survivors (4096K)
 Metaspace       used 38447K, committed 38912K, reserved 1114112K
  class space    used 4418K, committed 4608K, reserved 1048576K
}
Event: 72.506 GC heap before
{Heap before GC invocations=23 (full 0):
 garbage-first heap   total 104448K, used 90237K [0x0000000091000000, 0x0000000100000000)
  region size 1024K, 32 young (32768K), 4 survivors (4096K)
 Metaspace       used 38494K, committed 38912K, reserved 1114112K
  class space    used 4419K, committed 4608K, reserved 1048576K
}
Event: 72.544 GC heap after
{Heap after GC invocations=24 (full 0):
 garbage-first heap   total 104448K, used 68960K [0x0000000091000000, 0x0000000100000000)
  region size 1024K, 4 young (4096K), 4 survivors (4096K)
 Metaspace       used 38494K, committed 38912K, reserved 1114112K
  class space    used 4419K, committed 4608K, reserved 1048576K
}
Event: 72.553 GC heap before
{Heap before GC invocations=24 (full 0):
 garbage-first heap   total 104448K, used 69984K [0x0000000091000000, 0x0000000100000000)
  region size 1024K, 5 young (5120K), 4 survivors (4096K)
 Metaspace       used 38496K, committed 38912K, reserved 1114112K
  class space    used 4419K, committed 4608K, reserved 1048576K
}
Event: 72.581 GC heap after
{Heap after GC invocations=25 (full 0):
 garbage-first heap   total 104448K, used 61665K [0x0000000091000000, 0x0000000100000000)
  region size 1024K, 1 young (1024K), 1 survivors (1024K)
 Metaspace       used 38496K, committed 38912K, reserved 1114112K
  class space    used 4419K, committed 4608K, reserved 1048576K
}
Event: 72.662 GC heap before
{Heap before GC invocations=25 (full 0):
 garbage-first heap   total 104448K, used 64737K [0x0000000091000000, 0x0000000100000000)
  region size 1024K, 5 young (5120K), 1 survivors (1024K)
 Metaspace       used 38496K, committed 38912K, reserved 1114112K
  class space    used 4419K, committed 4608K, reserved 1048576K
}
Event: 72.682 GC heap after
{Heap after GC invocations=26 (full 0):
 garbage-first heap   total 104448K, used 61440K [0x0000000091000000, 0x0000000100000000)
  region size 1024K, 1 young (1024K), 1 survivors (1024K)
 Metaspace       used 38496K, committed 38912K, reserved 1114112K
  class space    used 4419K, committed 4608K, reserved 1048576K
}
Event: 75.471 GC heap before
{Heap before GC invocations=26 (full 0):
 garbage-first heap   total 104448K, used 80896K [0x0000000091000000, 0x0000000100000000)
  region size 1024K, 20 young (20480K), 1 survivors (1024K)
 Metaspace       used 38508K, committed 38912K, reserved 1114112K
  class space    used 4419K, committed 4608K, reserved 1048576K
}

